{"contracts/Auction.sol":{"l":{"34":21,"35":20,"39":20,"40":19,"51":44,"61":45,"64":44,"65":44,"66":44,"67":44,"68":44,"69":44,"71":44,"73":44,"79":19,"80":18,"82":16,"84":16,"85":16,"92":16,"93":16,"94":16,"100":3,"106":3,"107":2,"109":2,"110":1,"113":1,"114":1,"116":1,"118":1,"124":6,"125":5,"126":4,"128":4,"130":3,"133":3,"136":3,"137":3,"139":3,"141":3,"147":4,"148":3,"149":2,"152":1,"154":1,"156":1,"162":8,"167":2},"path":"/Users/abhi3700/F/coding/github_repos/evm_contracts_auction/contracts/Auction.sol","s":{"1":21,"2":20,"3":44,"4":45,"5":44,"6":44,"7":44,"8":44,"9":44,"10":44,"11":44,"12":44,"13":19,"14":18,"15":16,"16":16,"17":16,"18":16,"19":16,"20":16,"21":3,"22":3,"23":2,"24":2,"25":1,"26":1,"27":1,"28":1,"29":1,"30":6,"31":5,"32":4,"33":4,"34":3,"35":3,"36":3,"37":3,"38":3,"39":3,"40":4,"41":3,"42":2,"43":1,"44":1,"45":1,"46":8,"47":2},"b":{"1":[20,1],"2":[19,1],"3":[44,1],"4":[18,1],"5":[16,2],"6":[2,1],"7":[1,1],"8":[1,0],"9":[5,1],"10":[4,1],"11":[3,1],"12":[3,0],"13":[3,1],"14":[2,1],"15":[1,1]},"f":{"1":21,"2":20,"3":44,"4":45,"5":19,"6":16,"7":3,"8":6,"9":4,"10":8,"11":2},"fnMap":{"1":{"name":"allowAfterStart","line":33,"loc":{"start":{"line":33,"column":4},"end":{"line":36,"column":4}}},"2":{"name":"notAfterEnd","line":38,"loc":{"start":{"line":38,"column":4},"end":{"line":41,"column":4}}},"3":{"name":"constructor","line":50,"loc":{"start":{"line":50,"column":4},"end":{"line":52,"column":4}}},"4":{"name":"initialize","line":58,"loc":{"start":{"line":56,"column":4},"end":{"line":74,"column":4}}},"5":{"name":"placeBid","line":78,"loc":{"start":{"line":78,"column":4},"end":{"line":86,"column":4}}},"6":{"name":"_setBid","line":91,"loc":{"start":{"line":91,"column":4},"end":{"line":95,"column":4}}},"7":{"name":"withdrawBid","line":99,"loc":{"start":{"line":99,"column":4},"end":{"line":119,"column":4}}},"8":{"name":"claimPossession","line":123,"loc":{"start":{"line":123,"column":4},"end":{"line":142,"column":4}}},"9":{"name":"reclaimAsset","line":146,"loc":{"start":{"line":146,"column":4},"end":{"line":157,"column":4}}},"10":{"name":"pause","line":161,"loc":{"start":{"line":161,"column":4},"end":{"line":163,"column":4}}},"11":{"name":"unpause","line":166,"loc":{"start":{"line":166,"column":4},"end":{"line":168,"column":4}}}},"statementMap":{"1":{"start":{"line":34,"column":8},"end":{"line":34,"column":65}},"2":{"start":{"line":39,"column":8},"end":{"line":39,"column":57}},"3":{"start":{"line":51,"column":8},"end":{"line":51,"column":37}},"4":{"start":{"line":61,"column":8},"end":{"line":61,"column":73}},"5":{"start":{"line":64,"column":8},"end":{"line":64,"column":37}},"6":{"start":{"line":65,"column":8},"end":{"line":65,"column":32}},"7":{"start":{"line":66,"column":8},"end":{"line":66,"column":21}},"8":{"start":{"line":67,"column":8},"end":{"line":67,"column":27}},"9":{"start":{"line":68,"column":8},"end":{"line":68,"column":23}},"10":{"start":{"line":69,"column":8},"end":{"line":69,"column":47}},"11":{"start":{"line":71,"column":8},"end":{"line":71,"column":67}},"12":{"start":{"line":73,"column":8},"end":{"line":73,"column":19}},"13":{"start":{"line":79,"column":8},"end":{"line":79,"column":59}},"14":{"start":{"line":80,"column":8},"end":{"line":80,"column":65}},"15":{"start":{"line":82,"column":8},"end":{"line":82,"column":37}},"16":{"start":{"line":84,"column":8},"end":{"line":84,"column":39}},"17":{"start":{"line":85,"column":8},"end":{"line":85,"column":19}},"18":{"start":{"line":92,"column":8},"end":{"line":92,"column":37}},"19":{"start":{"line":93,"column":8},"end":{"line":93,"column":27}},"20":{"start":{"line":94,"column":8},"end":{"line":94,"column":30}},"21":{"start":{"line":100,"column":8},"end":{"line":100,"column":48}},"22":{"start":{"line":106,"column":8},"end":{"line":106,"column":61}},"23":{"start":{"line":107,"column":8},"end":{"line":107,"column":34}},"24":{"start":{"line":109,"column":8},"end":{"line":109,"column":4140}},"25":{"start":{"line":110,"column":12},"end":{"line":110,"column":51}},"26":{"start":{"line":113,"column":8},"end":{"line":113,"column":60}},"27":{"start":{"line":114,"column":8},"end":{"line":114,"column":45}},"28":{"start":{"line":116,"column":8},"end":{"line":116,"column":45}},"29":{"start":{"line":118,"column":8},"end":{"line":118,"column":19}},"30":{"start":{"line":124,"column":8},"end":{"line":124,"column":61}},"31":{"start":{"line":125,"column":8},"end":{"line":125,"column":76}},"32":{"start":{"line":126,"column":8},"end":{"line":126,"column":53}},"33":{"start":{"line":128,"column":8},"end":{"line":128,"column":54}},"34":{"start":{"line":130,"column":8},"end":{"line":130,"column":34}},"35":{"start":{"line":133,"column":8},"end":{"line":133,"column":57}},"36":{"start":{"line":136,"column":8},"end":{"line":136,"column":72}},"37":{"start":{"line":137,"column":8},"end":{"line":137,"column":43}},"38":{"start":{"line":139,"column":8},"end":{"line":139,"column":35}},"39":{"start":{"line":141,"column":8},"end":{"line":141,"column":19}},"40":{"start":{"line":147,"column":8},"end":{"line":147,"column":61}},"41":{"start":{"line":148,"column":8},"end":{"line":148,"column":89}},"42":{"start":{"line":149,"column":8},"end":{"line":149,"column":61}},"43":{"start":{"line":152,"column":8},"end":{"line":152,"column":57}},"44":{"start":{"line":154,"column":8},"end":{"line":154,"column":39}},"45":{"start":{"line":156,"column":8},"end":{"line":156,"column":19}},"46":{"start":{"line":162,"column":8},"end":{"line":162,"column":15}},"47":{"start":{"line":167,"column":8},"end":{"line":167,"column":17}}},"branchMap":{"1":{"line":34,"type":"if","locations":[{"start":{"line":34,"column":8},"end":{"line":34,"column":8}},{"start":{"line":34,"column":8},"end":{"line":34,"column":8}}]},"2":{"line":39,"type":"if","locations":[{"start":{"line":39,"column":8},"end":{"line":39,"column":8}},{"start":{"line":39,"column":8},"end":{"line":39,"column":8}}]},"3":{"line":61,"type":"if","locations":[{"start":{"line":61,"column":8},"end":{"line":61,"column":8}},{"start":{"line":61,"column":8},"end":{"line":61,"column":8}}]},"4":{"line":79,"type":"if","locations":[{"start":{"line":79,"column":8},"end":{"line":79,"column":8}},{"start":{"line":79,"column":8},"end":{"line":79,"column":8}}]},"5":{"line":80,"type":"if","locations":[{"start":{"line":80,"column":8},"end":{"line":80,"column":8}},{"start":{"line":80,"column":8},"end":{"line":80,"column":8}}]},"6":{"line":106,"type":"if","locations":[{"start":{"line":106,"column":8},"end":{"line":106,"column":8}},{"start":{"line":106,"column":8},"end":{"line":106,"column":8}}]},"7":{"line":109,"type":"if","locations":[{"start":{"line":109,"column":8},"end":{"line":109,"column":8}},{"start":{"line":109,"column":8},"end":{"line":109,"column":8}}]},"8":{"line":114,"type":"if","locations":[{"start":{"line":114,"column":8},"end":{"line":114,"column":8}},{"start":{"line":114,"column":8},"end":{"line":114,"column":8}}]},"9":{"line":124,"type":"if","locations":[{"start":{"line":124,"column":8},"end":{"line":124,"column":8}},{"start":{"line":124,"column":8},"end":{"line":124,"column":8}}]},"10":{"line":125,"type":"if","locations":[{"start":{"line":125,"column":8},"end":{"line":125,"column":8}},{"start":{"line":125,"column":8},"end":{"line":125,"column":8}}]},"11":{"line":128,"type":"if","locations":[{"start":{"line":128,"column":8},"end":{"line":128,"column":8}},{"start":{"line":128,"column":8},"end":{"line":128,"column":8}}]},"12":{"line":137,"type":"if","locations":[{"start":{"line":137,"column":8},"end":{"line":137,"column":8}},{"start":{"line":137,"column":8},"end":{"line":137,"column":8}}]},"13":{"line":147,"type":"if","locations":[{"start":{"line":147,"column":8},"end":{"line":147,"column":8}},{"start":{"line":147,"column":8},"end":{"line":147,"column":8}}]},"14":{"line":148,"type":"if","locations":[{"start":{"line":148,"column":8},"end":{"line":148,"column":8}},{"start":{"line":148,"column":8},"end":{"line":148,"column":8}}]},"15":{"line":149,"type":"if","locations":[{"start":{"line":149,"column":8},"end":{"line":149,"column":8}},{"start":{"line":149,"column":8},"end":{"line":149,"column":8}}]}}},"contracts/AuctionRepository.sol":{"l":{"43":49,"44":48,"45":47,"46":46,"47":45,"48":45,"52":44,"53":44,"54":44,"58":44,"60":44,"61":44,"63":44,"66":44,"67":44,"75":3,"77":2,"78":2,"80":1,"81":1,"83":1,"87":1,"95":45,"96":44,"104":5,"105":4,"115":2,"116":1,"117":1,"118":1,"119":1,"125":5,"130":2},"path":"/Users/abhi3700/F/coding/github_repos/evm_contracts_auction/contracts/AuctionRepository.sol","s":{"1":49,"2":48,"3":47,"4":46,"5":45,"6":45,"7":44,"8":44,"9":44,"10":44,"11":44,"12":44,"13":44,"14":44,"15":3,"16":2,"17":2,"18":1,"19":1,"20":1,"21":45,"22":44,"23":5,"24":4,"25":2,"26":1,"27":1,"28":1,"29":1,"30":5,"31":2},"b":{"1":[48,1],"2":[47,1],"3":[46,1],"4":[45,1],"5":[45,0],"6":[44,1],"7":[44,0],"8":[2,1],"9":[1,1],"10":[1,0],"11":[44,1],"12":[4,1],"13":[1,1]},"f":{"1":49,"2":3,"3":45,"4":5,"5":2,"6":5,"7":2},"fnMap":{"1":{"name":"createAuction","line":40,"loc":{"start":{"line":37,"column":4},"end":{"line":68,"column":4}}},"2":{"name":"updateLiveAuctions","line":74,"loc":{"start":{"line":74,"column":4},"end":{"line":88,"column":4}}},"3":{"name":"getAllAuctions","line":94,"loc":{"start":{"line":94,"column":4},"end":{"line":97,"column":4}}},"4":{"name":"getLiveAuctions","line":103,"loc":{"start":{"line":103,"column":4},"end":{"line":106,"column":4}}},"5":{"name":"fetchAuction","line":110,"loc":{"start":{"line":110,"column":4},"end":{"line":120,"column":4}}},"6":{"name":"pause","line":124,"loc":{"start":{"line":124,"column":4},"end":{"line":126,"column":4}}},"7":{"name":"unpause","line":129,"loc":{"start":{"line":129,"column":4},"end":{"line":131,"column":4}}}},"statementMap":{"1":{"start":{"line":43,"column":8},"end":{"line":43,"column":61}},"2":{"start":{"line":44,"column":8},"end":{"line":44,"column":98}},"3":{"start":{"line":45,"column":8},"end":{"line":45,"column":61}},"4":{"start":{"line":46,"column":8},"end":{"line":46,"column":56}},"5":{"start":{"line":47,"column":8},"end":{"line":47,"column":74}},"6":{"start":{"line":48,"column":8},"end":{"line":48,"column":2269}},"7":{"start":{"line":52,"column":8},"end":{"line":52,"column":58}},"8":{"start":{"line":53,"column":8},"end":{"line":53,"column":78}},"9":{"start":{"line":58,"column":8},"end":{"line":58,"column":84}},"10":{"start":{"line":60,"column":8},"end":{"line":60,"column":41}},"11":{"start":{"line":61,"column":8},"end":{"line":61,"column":40}},"12":{"start":{"line":63,"column":8},"end":{"line":63,"column":44}},"13":{"start":{"line":66,"column":8},"end":{"line":66,"column":75}},"14":{"start":{"line":67,"column":8},"end":{"line":67,"column":55}},"15":{"start":{"line":75,"column":8},"end":{"line":75,"column":61}},"16":{"start":{"line":77,"column":8},"end":{"line":77,"column":56}},"17":{"start":{"line":78,"column":8},"end":{"line":78,"column":80}},"18":{"start":{"line":80,"column":8},"end":{"line":80,"column":3777}},"19":{"start":{"line":81,"column":12},"end":{"line":81,"column":3836}},"20":{"start":{"line":87,"column":8},"end":{"line":87,"column":38}},"21":{"start":{"line":95,"column":8},"end":{"line":95,"column":61}},"22":{"start":{"line":96,"column":8},"end":{"line":96,"column":37}},"23":{"start":{"line":104,"column":8},"end":{"line":104,"column":61}},"24":{"start":{"line":105,"column":8},"end":{"line":105,"column":38}},"25":{"start":{"line":115,"column":8},"end":{"line":115,"column":73}},"26":{"start":{"line":116,"column":8},"end":{"line":116,"column":49}},"27":{"start":{"line":117,"column":8},"end":{"line":117,"column":63}},"28":{"start":{"line":118,"column":8},"end":{"line":118,"column":55}},"29":{"start":{"line":119,"column":8},"end":{"line":119,"column":51}},"30":{"start":{"line":125,"column":8},"end":{"line":125,"column":15}},"31":{"start":{"line":130,"column":8},"end":{"line":130,"column":17}}},"branchMap":{"1":{"line":43,"type":"if","locations":[{"start":{"line":43,"column":8},"end":{"line":43,"column":8}},{"start":{"line":43,"column":8},"end":{"line":43,"column":8}}]},"2":{"line":44,"type":"if","locations":[{"start":{"line":44,"column":8},"end":{"line":44,"column":8}},{"start":{"line":44,"column":8},"end":{"line":44,"column":8}}]},"3":{"line":45,"type":"if","locations":[{"start":{"line":45,"column":8},"end":{"line":45,"column":8}},{"start":{"line":45,"column":8},"end":{"line":45,"column":8}}]},"4":{"line":46,"type":"if","locations":[{"start":{"line":46,"column":8},"end":{"line":46,"column":8}},{"start":{"line":46,"column":8},"end":{"line":46,"column":8}}]},"5":{"line":47,"type":"if","locations":[{"start":{"line":47,"column":8},"end":{"line":47,"column":8}},{"start":{"line":47,"column":8},"end":{"line":47,"column":8}}]},"6":{"line":48,"type":"if","locations":[{"start":{"line":48,"column":8},"end":{"line":48,"column":8}},{"start":{"line":48,"column":8},"end":{"line":48,"column":8}}]},"7":{"line":67,"type":"if","locations":[{"start":{"line":67,"column":8},"end":{"line":67,"column":8}},{"start":{"line":67,"column":8},"end":{"line":67,"column":8}}]},"8":{"line":75,"type":"if","locations":[{"start":{"line":75,"column":8},"end":{"line":75,"column":8}},{"start":{"line":75,"column":8},"end":{"line":75,"column":8}}]},"9":{"line":78,"type":"if","locations":[{"start":{"line":78,"column":8},"end":{"line":78,"column":8}},{"start":{"line":78,"column":8},"end":{"line":78,"column":8}}]},"10":{"line":81,"type":"if","locations":[{"start":{"line":81,"column":12},"end":{"line":81,"column":12}},{"start":{"line":81,"column":12},"end":{"line":81,"column":12}}]},"11":{"line":95,"type":"if","locations":[{"start":{"line":95,"column":8},"end":{"line":95,"column":8}},{"start":{"line":95,"column":8},"end":{"line":95,"column":8}}]},"12":{"line":104,"type":"if","locations":[{"start":{"line":104,"column":8},"end":{"line":104,"column":8}},{"start":{"line":104,"column":8},"end":{"line":104,"column":8}}]},"13":{"line":115,"type":"if","locations":[{"start":{"line":115,"column":8},"end":{"line":115,"column":8}},{"start":{"line":115,"column":8},"end":{"line":115,"column":8}}]}}},"contracts/dependencies/CheckContract.sol":{"l":{"12":105,"14":105,"16":105,"19":105},"path":"/Users/abhi3700/F/coding/github_repos/evm_contracts_auction/contracts/dependencies/CheckContract.sol","s":{"1":105,"2":105,"3":105},"b":{"1":[105,0]},"f":{"1":105},"fnMap":{"1":{"name":"checkContract","line":11,"loc":{"start":{"line":11,"column":4},"end":{"line":20,"column":4}}}},"statementMap":{"1":{"start":{"line":12,"column":8},"end":{"line":12,"column":72}},"2":{"start":{"line":14,"column":8},"end":{"line":14,"column":20}},"3":{"start":{"line":19,"column":8},"end":{"line":19,"column":26}}},"branchMap":{"1":{"line":12,"type":"if","locations":[{"start":{"line":12,"column":8},"end":{"line":12,"column":8}},{"start":{"line":12,"column":8},"end":{"line":12,"column":8}}]}}},"contracts/dependencies/ReentrancyGuard.sol":{"l":{"40":233,"51":62,"52":62,"53":49,"58":62,"61":62,"67":49},"path":"/Users/abhi3700/F/coding/github_repos/evm_contracts_auction/contracts/dependencies/ReentrancyGuard.sol","s":{"1":233,"2":62,"3":49,"4":62,"5":62,"6":49},"b":{"1":[62,0]},"f":{"1":233,"2":62,"3":62,"4":49},"fnMap":{"1":{"name":"constructor","line":39,"loc":{"start":{"line":39,"column":4},"end":{"line":41,"column":4}}},"2":{"name":"nonReentrant","line":50,"loc":{"start":{"line":50,"column":4},"end":{"line":54,"column":4}}},"3":{"name":"_nonReentrantBefore","line":56,"loc":{"start":{"line":56,"column":4},"end":{"line":62,"column":4}}},"4":{"name":"_nonReentrantAfter","line":64,"loc":{"start":{"line":64,"column":4},"end":{"line":68,"column":4}}}},"statementMap":{"1":{"start":{"line":40,"column":8},"end":{"line":40,"column":29}},"2":{"start":{"line":51,"column":8},"end":{"line":51,"column":28}},"3":{"start":{"line":53,"column":8},"end":{"line":53,"column":27}},"4":{"start":{"line":58,"column":8},"end":{"line":58,"column":70}},"5":{"start":{"line":61,"column":8},"end":{"line":61,"column":25}},"6":{"start":{"line":67,"column":8},"end":{"line":67,"column":29}}},"branchMap":{"1":{"line":58,"type":"if","locations":[{"start":{"line":58,"column":8},"end":{"line":58,"column":8}},{"start":{"line":58,"column":8},"end":{"line":58,"column":8}}]}}},"contracts/GenericERC20.sol":{"l":{"31":195,"38":195,"40":195,"44":0,"48":0,"49":0,"51":0,"53":0,"57":0,"58":0,"60":0,"62":0,"66":45,"68":45,"70":45,"74":44,"77":44,"79":44,"86":0,"91":0},"path":"/Users/abhi3700/F/coding/github_repos/evm_contracts_auction/contracts/GenericERC20.sol","s":{"1":195,"2":195,"3":195,"4":0,"5":0,"6":0,"7":0,"8":0,"9":0,"10":0,"11":0,"12":0,"13":45,"14":45,"15":45,"16":44,"17":44,"18":44,"19":0,"20":0},"b":{"1":[0,0],"2":[0,0],"3":[45,0],"4":[44,0]},"f":{"1":195,"2":195,"3":0,"4":0,"5":0,"6":45,"7":44,"8":0,"9":0},"fnMap":{"1":{"name":"constructor","line":30,"loc":{"start":{"line":30,"column":4},"end":{"line":32,"column":4}}},"2":{"name":"_setupDecimals","line":37,"loc":{"start":{"line":37,"column":4},"end":{"line":41,"column":4}}},"3":{"name":"decimals","line":43,"loc":{"start":{"line":43,"column":4},"end":{"line":45,"column":4}}},"4":{"name":"mint","line":47,"loc":{"start":{"line":47,"column":4},"end":{"line":54,"column":4}}},"5":{"name":"burn","line":56,"loc":{"start":{"line":56,"column":4},"end":{"line":63,"column":4}}},"6":{"name":"approveOwnership","line":65,"loc":{"start":{"line":65,"column":4},"end":{"line":71,"column":4}}},"7":{"name":"transferFromOwnership","line":73,"loc":{"start":{"line":73,"column":4},"end":{"line":80,"column":4}}},"8":{"name":"pause","line":85,"loc":{"start":{"line":85,"column":4},"end":{"line":87,"column":4}}},"9":{"name":"unpause","line":90,"loc":{"start":{"line":90,"column":4},"end":{"line":92,"column":4}}}},"statementMap":{"1":{"start":{"line":31,"column":8},"end":{"line":31,"column":25}},"2":{"start":{"line":38,"column":8},"end":{"line":38,"column":25}},"3":{"start":{"line":40,"column":8},"end":{"line":40,"column":22}},"4":{"start":{"line":44,"column":8},"end":{"line":44,"column":22}},"5":{"start":{"line":48,"column":8},"end":{"line":48,"column":54}},"6":{"start":{"line":49,"column":8},"end":{"line":49,"column":26}},"7":{"start":{"line":51,"column":8},"end":{"line":51,"column":38}},"8":{"start":{"line":53,"column":8},"end":{"line":53,"column":19}},"9":{"start":{"line":57,"column":8},"end":{"line":57,"column":54}},"10":{"start":{"line":58,"column":8},"end":{"line":58,"column":33}},"11":{"start":{"line":60,"column":8},"end":{"line":60,"column":44}},"12":{"start":{"line":62,"column":8},"end":{"line":62,"column":19}},"13":{"start":{"line":66,"column":8},"end":{"line":66,"column":54}},"14":{"start":{"line":68,"column":8},"end":{"line":68,"column":37}},"15":{"start":{"line":70,"column":8},"end":{"line":70,"column":19}},"16":{"start":{"line":74,"column":8},"end":{"line":74,"column":109}},"17":{"start":{"line":77,"column":8},"end":{"line":77,"column":35}},"18":{"start":{"line":79,"column":8},"end":{"line":79,"column":19}},"19":{"start":{"line":86,"column":8},"end":{"line":86,"column":15}},"20":{"start":{"line":91,"column":8},"end":{"line":91,"column":17}}},"branchMap":{"1":{"line":48,"type":"if","locations":[{"start":{"line":48,"column":8},"end":{"line":48,"column":8}},{"start":{"line":48,"column":8},"end":{"line":48,"column":8}}]},"2":{"line":57,"type":"if","locations":[{"start":{"line":57,"column":8},"end":{"line":57,"column":8}},{"start":{"line":57,"column":8},"end":{"line":57,"column":8}}]},"3":{"line":66,"type":"if","locations":[{"start":{"line":66,"column":8},"end":{"line":66,"column":8}},{"start":{"line":66,"column":8},"end":{"line":66,"column":8}}]},"4":{"line":74,"type":"if","locations":[{"start":{"line":74,"column":8},"end":{"line":74,"column":8}},{"start":{"line":74,"column":8},"end":{"line":74,"column":8}}]}}},"contracts/interfaces/IAuction.sol":{"l":{},"path":"/Users/abhi3700/F/coding/github_repos/evm_contracts_auction/contracts/interfaces/IAuction.sol","s":{},"b":{},"f":{},"fnMap":{},"statementMap":{},"branchMap":{}},"contracts/interfaces/IAuctionRepository.sol":{"l":{},"path":"/Users/abhi3700/F/coding/github_repos/evm_contracts_auction/contracts/interfaces/IAuctionRepository.sol","s":{},"b":{},"f":{},"fnMap":{},"statementMap":{},"branchMap":{}},"contracts/interfaces/IGenericERC20.sol":{"l":{},"path":"/Users/abhi3700/F/coding/github_repos/evm_contracts_auction/contracts/interfaces/IGenericERC20.sol","s":{},"b":{},"f":{},"fnMap":{},"statementMap":{},"branchMap":{}}}